D:\ПРОГИ\KURSSP\DEBUG\KURSSP.EXE
D:\ПРОГИ\KURSSP\DEBUG\KURSSP.ILK
D:\ПРОГИ\KURSSP\DEBUG\KURSSP.PDB
D:\ПРОГИ\KURSSP\KURSSP\DEBUG\.NETFRAMEWORK,VERSION=V4.0.ASSEMBLYATTRIBUTES.OBJ
D:\ПРОГИ\KURSSP\KURSSP\DEBUG\APP.RES
D:\ПРОГИ\KURSSP\KURSSP\DEBUG\ASSEMBLYINFO.OBJ
D:\ПРОГИ\KURSSP\KURSSP\Debug\cl.command.1.tlog
D:\ПРОГИ\KURSSP\KURSSP\Debug\CL.read.1.tlog
D:\ПРОГИ\KURSSP\KURSSP\Debug\CL.write.1.tlog
D:\ПРОГИ\KURSSP\KURSSP\DEBUG\KURSSP.EXE.INTERMEDIATE.MANIFEST
D:\ПРОГИ\KURSSP\KURSSP\Debug\KURSSP.Form1.resources
D:\ПРОГИ\KURSSP\KURSSP\Debug\KURSSP.obj
D:\ПРОГИ\KURSSP\KURSSP\DEBUG\KURSSP.PCH
D:\ПРОГИ\KURSSP\KURSSP\Debug\KURSSP.vcxproj.GenerateResource.Cache
D:\ПРОГИ\KURSSP\KURSSP\Debug\KURSSP.vcxprojResolveAssemblyReference.cache
D:\ПРОГИ\KURSSP\KURSSP\Debug\KURSSP.write.1.tlog
D:\ПРОГИ\KURSSP\KURSSP\Debug\link.10228.read.1.tlog
D:\ПРОГИ\KURSSP\KURSSP\Debug\link.10228.write.1.tlog
D:\ПРОГИ\KURSSP\KURSSP\Debug\link.10228-cvtres.read.1.tlog
D:\ПРОГИ\KURSSP\KURSSP\Debug\link.10228-cvtres.write.1.tlog
D:\ПРОГИ\KURSSP\KURSSP\Debug\link.10532.read.1.tlog
D:\ПРОГИ\KURSSP\KURSSP\Debug\link.10532.write.1.tlog
D:\ПРОГИ\KURSSP\KURSSP\Debug\link.10532-cvtres.read.1.tlog
D:\ПРОГИ\KURSSP\KURSSP\Debug\link.10532-cvtres.write.1.tlog
D:\ПРОГИ\KURSSP\KURSSP\Debug\link.10900.read.1.tlog
D:\ПРОГИ\KURSSP\KURSSP\Debug\link.10900.write.1.tlog
D:\ПРОГИ\KURSSP\KURSSP\Debug\link.10900-cvtres.read.1.tlog
D:\ПРОГИ\KURSSP\KURSSP\Debug\link.10900-cvtres.write.1.tlog
D:\ПРОГИ\KURSSP\KURSSP\Debug\link.11676.read.1.tlog
D:\ПРОГИ\KURSSP\KURSSP\Debug\link.11676.write.1.tlog
D:\ПРОГИ\KURSSP\KURSSP\Debug\link.11676-cvtres.read.1.tlog
D:\ПРОГИ\KURSSP\KURSSP\Debug\link.11676-cvtres.write.1.tlog
D:\ПРОГИ\KURSSP\KURSSP\Debug\link.11876.read.1.tlog
D:\ПРОГИ\KURSSP\KURSSP\Debug\link.11876.write.1.tlog
D:\ПРОГИ\KURSSP\KURSSP\Debug\link.11876-cvtres.read.1.tlog
D:\ПРОГИ\KURSSP\KURSSP\Debug\link.11876-cvtres.write.1.tlog
D:\ПРОГИ\KURSSP\KURSSP\Debug\link.12228.read.1.tlog
D:\ПРОГИ\KURSSP\KURSSP\Debug\link.12228.write.1.tlog
D:\ПРОГИ\KURSSP\KURSSP\Debug\link.12228-cvtres.read.1.tlog
D:\ПРОГИ\KURSSP\KURSSP\Debug\link.12228-cvtres.write.1.tlog
D:\ПРОГИ\KURSSP\KURSSP\Debug\link.12604.read.1.tlog
D:\ПРОГИ\KURSSP\KURSSP\Debug\link.12604.write.1.tlog
D:\ПРОГИ\KURSSP\KURSSP\Debug\link.12604-cvtres.read.1.tlog
D:\ПРОГИ\KURSSP\KURSSP\Debug\link.12604-cvtres.write.1.tlog
D:\ПРОГИ\KURSSP\KURSSP\Debug\link.12672.read.1.tlog
D:\ПРОГИ\KURSSP\KURSSP\Debug\link.12672.write.1.tlog
D:\ПРОГИ\KURSSP\KURSSP\Debug\link.12672-cvtres.read.1.tlog
D:\ПРОГИ\KURSSP\KURSSP\Debug\link.12672-cvtres.write.1.tlog
D:\ПРОГИ\KURSSP\KURSSP\Debug\link.12808.read.1.tlog
D:\ПРОГИ\KURSSP\KURSSP\Debug\link.12808.write.1.tlog
D:\ПРОГИ\KURSSP\KURSSP\Debug\link.12808-cvtres.read.1.tlog
D:\ПРОГИ\KURSSP\KURSSP\Debug\link.12808-cvtres.write.1.tlog
D:\ПРОГИ\KURSSP\KURSSP\Debug\link.12812.read.1.tlog
D:\ПРОГИ\KURSSP\KURSSP\Debug\link.12812.write.1.tlog
D:\ПРОГИ\KURSSP\KURSSP\Debug\link.12812-cvtres.read.1.tlog
D:\ПРОГИ\KURSSP\KURSSP\Debug\link.12812-cvtres.write.1.tlog
D:\ПРОГИ\KURSSP\KURSSP\Debug\link.12896.read.1.tlog
D:\ПРОГИ\KURSSP\KURSSP\Debug\link.12896.write.1.tlog
D:\ПРОГИ\KURSSP\KURSSP\Debug\link.12896-cvtres.read.1.tlog
D:\ПРОГИ\KURSSP\KURSSP\Debug\link.12896-cvtres.write.1.tlog
D:\ПРОГИ\KURSSP\KURSSP\Debug\link.12964.read.1.tlog
D:\ПРОГИ\KURSSP\KURSSP\Debug\link.12964.write.1.tlog
D:\ПРОГИ\KURSSP\KURSSP\Debug\link.12964-cvtres.read.1.tlog
D:\ПРОГИ\KURSSP\KURSSP\Debug\link.12964-cvtres.write.1.tlog
D:\ПРОГИ\KURSSP\KURSSP\Debug\link.13016.read.1.tlog
D:\ПРОГИ\KURSSP\KURSSP\Debug\link.13016.write.1.tlog
D:\ПРОГИ\KURSSP\KURSSP\Debug\link.13016-cvtres.read.1.tlog
D:\ПРОГИ\KURSSP\KURSSP\Debug\link.13016-cvtres.write.1.tlog
D:\ПРОГИ\KURSSP\KURSSP\Debug\link.13576.read.1.tlog
D:\ПРОГИ\KURSSP\KURSSP\Debug\link.13576.write.1.tlog
D:\ПРОГИ\KURSSP\KURSSP\Debug\link.13576-cvtres.read.1.tlog
D:\ПРОГИ\KURSSP\KURSSP\Debug\link.13576-cvtres.write.1.tlog
D:\ПРОГИ\KURSSP\KURSSP\Debug\link.13692.read.1.tlog
D:\ПРОГИ\KURSSP\KURSSP\Debug\link.13692.write.1.tlog
D:\ПРОГИ\KURSSP\KURSSP\Debug\link.13692-cvtres.read.1.tlog
D:\ПРОГИ\KURSSP\KURSSP\Debug\link.13692-cvtres.write.1.tlog
D:\ПРОГИ\KURSSP\KURSSP\Debug\link.13876.read.1.tlog
D:\ПРОГИ\KURSSP\KURSSP\Debug\link.13876.write.1.tlog
D:\ПРОГИ\KURSSP\KURSSP\Debug\link.13876-cvtres.read.1.tlog
D:\ПРОГИ\KURSSP\KURSSP\Debug\link.13876-cvtres.write.1.tlog
D:\ПРОГИ\KURSSP\KURSSP\Debug\link.14672.read.1.tlog
D:\ПРОГИ\KURSSP\KURSSP\Debug\link.14672.write.1.tlog
D:\ПРОГИ\KURSSP\KURSSP\Debug\link.14672-cvtres.read.1.tlog
D:\ПРОГИ\KURSSP\KURSSP\Debug\link.14672-cvtres.write.1.tlog
D:\ПРОГИ\KURSSP\KURSSP\Debug\link.1468.read.1.tlog
D:\ПРОГИ\KURSSP\KURSSP\Debug\link.1468.write.1.tlog
D:\ПРОГИ\KURSSP\KURSSP\Debug\link.1468-cvtres.read.1.tlog
D:\ПРОГИ\KURSSP\KURSSP\Debug\link.1468-cvtres.write.1.tlog
D:\ПРОГИ\KURSSP\KURSSP\Debug\link.14700.read.1.tlog
D:\ПРОГИ\KURSSP\KURSSP\Debug\link.14700.write.1.tlog
D:\ПРОГИ\KURSSP\KURSSP\Debug\link.14700-cvtres.read.1.tlog
D:\ПРОГИ\KURSSP\KURSSP\Debug\link.14700-cvtres.write.1.tlog
D:\ПРОГИ\KURSSP\KURSSP\Debug\link.14800.read.1.tlog
D:\ПРОГИ\KURSSP\KURSSP\Debug\link.14800.write.1.tlog
D:\ПРОГИ\KURSSP\KURSSP\Debug\link.14800-cvtres.read.1.tlog
D:\ПРОГИ\KURSSP\KURSSP\Debug\link.14800-cvtres.write.1.tlog
D:\ПРОГИ\KURSSP\KURSSP\Debug\link.14816.read.1.tlog
D:\ПРОГИ\KURSSP\KURSSP\Debug\link.14816.write.1.tlog
D:\ПРОГИ\KURSSP\KURSSP\Debug\link.14816-cvtres.read.1.tlog
D:\ПРОГИ\KURSSP\KURSSP\Debug\link.14816-cvtres.write.1.tlog
D:\ПРОГИ\KURSSP\KURSSP\Debug\link.14952.read.1.tlog
D:\ПРОГИ\KURSSP\KURSSP\Debug\link.14952.write.1.tlog
D:\ПРОГИ\KURSSP\KURSSP\Debug\link.14952-cvtres.read.1.tlog
D:\ПРОГИ\KURSSP\KURSSP\Debug\link.14952-cvtres.write.1.tlog
D:\ПРОГИ\KURSSP\KURSSP\Debug\link.16048.read.1.tlog
D:\ПРОГИ\KURSSP\KURSSP\Debug\link.16048.write.1.tlog
D:\ПРОГИ\KURSSP\KURSSP\Debug\link.16048-cvtres.read.1.tlog
D:\ПРОГИ\KURSSP\KURSSP\Debug\link.16048-cvtres.write.1.tlog
D:\ПРОГИ\KURSSP\KURSSP\Debug\link.16060.read.1.tlog
D:\ПРОГИ\KURSSP\KURSSP\Debug\link.16060.write.1.tlog
D:\ПРОГИ\KURSSP\KURSSP\Debug\link.16060-cvtres.read.1.tlog
D:\ПРОГИ\KURSSP\KURSSP\Debug\link.16060-cvtres.write.1.tlog
D:\ПРОГИ\KURSSP\KURSSP\Debug\link.16428.read.1.tlog
D:\ПРОГИ\KURSSP\KURSSP\Debug\link.16428.write.1.tlog
D:\ПРОГИ\KURSSP\KURSSP\Debug\link.16428-cvtres.read.1.tlog
D:\ПРОГИ\KURSSP\KURSSP\Debug\link.16428-cvtres.write.1.tlog
D:\ПРОГИ\KURSSP\KURSSP\Debug\link.16492.read.1.tlog
D:\ПРОГИ\KURSSP\KURSSP\Debug\link.16492.write.1.tlog
D:\ПРОГИ\KURSSP\KURSSP\Debug\link.16492-cvtres.read.1.tlog
D:\ПРОГИ\KURSSP\KURSSP\Debug\link.16492-cvtres.write.1.tlog
D:\ПРОГИ\KURSSP\KURSSP\Debug\link.16596.read.1.tlog
D:\ПРОГИ\KURSSP\KURSSP\Debug\link.16596.write.1.tlog
D:\ПРОГИ\KURSSP\KURSSP\Debug\link.16596-cvtres.read.1.tlog
D:\ПРОГИ\KURSSP\KURSSP\Debug\link.16596-cvtres.write.1.tlog
D:\ПРОГИ\KURSSP\KURSSP\Debug\link.17088.read.1.tlog
D:\ПРОГИ\KURSSP\KURSSP\Debug\link.17088.write.1.tlog
D:\ПРОГИ\KURSSP\KURSSP\Debug\link.17088-cvtres.read.1.tlog
D:\ПРОГИ\KURSSP\KURSSP\Debug\link.17088-cvtres.write.1.tlog
D:\ПРОГИ\KURSSP\KURSSP\Debug\link.17380.read.1.tlog
D:\ПРОГИ\KURSSP\KURSSP\Debug\link.17380.write.1.tlog
D:\ПРОГИ\KURSSP\KURSSP\Debug\link.17380-cvtres.read.1.tlog
D:\ПРОГИ\KURSSP\KURSSP\Debug\link.17380-cvtres.write.1.tlog
D:\ПРОГИ\KURSSP\KURSSP\Debug\link.17856.read.1.tlog
D:\ПРОГИ\KURSSP\KURSSP\Debug\link.17856.write.1.tlog
D:\ПРОГИ\KURSSP\KURSSP\Debug\link.17856-cvtres.read.1.tlog
D:\ПРОГИ\KURSSP\KURSSP\Debug\link.17856-cvtres.write.1.tlog
D:\ПРОГИ\KURSSP\KURSSP\Debug\link.18940.read.1.tlog
D:\ПРОГИ\KURSSP\KURSSP\Debug\link.18940.write.1.tlog
D:\ПРОГИ\KURSSP\KURSSP\Debug\link.18940-cvtres.read.1.tlog
D:\ПРОГИ\KURSSP\KURSSP\Debug\link.18940-cvtres.write.1.tlog
D:\ПРОГИ\KURSSP\KURSSP\Debug\link.19140.read.1.tlog
D:\ПРОГИ\KURSSP\KURSSP\Debug\link.19140.write.1.tlog
D:\ПРОГИ\KURSSP\KURSSP\Debug\link.19140-cvtres.read.1.tlog
D:\ПРОГИ\KURSSP\KURSSP\Debug\link.19140-cvtres.write.1.tlog
D:\ПРОГИ\KURSSP\KURSSP\Debug\link.192.read.1.tlog
D:\ПРОГИ\KURSSP\KURSSP\Debug\link.192.write.1.tlog
D:\ПРОГИ\KURSSP\KURSSP\Debug\link.192-cvtres.read.1.tlog
D:\ПРОГИ\KURSSP\KURSSP\Debug\link.192-cvtres.write.1.tlog
D:\ПРОГИ\KURSSP\KURSSP\Debug\link.19620.read.1.tlog
D:\ПРОГИ\KURSSP\KURSSP\Debug\link.19620.write.1.tlog
D:\ПРОГИ\KURSSP\KURSSP\Debug\link.19620-cvtres.read.1.tlog
D:\ПРОГИ\KURSSP\KURSSP\Debug\link.19620-cvtres.write.1.tlog
D:\ПРОГИ\KURSSP\KURSSP\Debug\link.19804.read.1.tlog
D:\ПРОГИ\KURSSP\KURSSP\Debug\link.19804.write.1.tlog
D:\ПРОГИ\KURSSP\KURSSP\Debug\link.19804-cvtres.read.1.tlog
D:\ПРОГИ\KURSSP\KURSSP\Debug\link.19804-cvtres.write.1.tlog
D:\ПРОГИ\KURSSP\KURSSP\Debug\link.1996.read.1.tlog
D:\ПРОГИ\KURSSP\KURSSP\Debug\link.1996.write.1.tlog
D:\ПРОГИ\KURSSP\KURSSP\Debug\link.1996-cvtres.read.1.tlog
D:\ПРОГИ\KURSSP\KURSSP\Debug\link.1996-cvtres.write.1.tlog
D:\ПРОГИ\KURSSP\KURSSP\Debug\link.20300.read.1.tlog
D:\ПРОГИ\KURSSP\KURSSP\Debug\link.20300.write.1.tlog
D:\ПРОГИ\KURSSP\KURSSP\Debug\link.20300-cvtres.read.1.tlog
D:\ПРОГИ\KURSSP\KURSSP\Debug\link.20300-cvtres.write.1.tlog
D:\ПРОГИ\KURSSP\KURSSP\Debug\link.20360.read.1.tlog
D:\ПРОГИ\KURSSP\KURSSP\Debug\link.20360.write.1.tlog
D:\ПРОГИ\KURSSP\KURSSP\Debug\link.20360-cvtres.read.1.tlog
D:\ПРОГИ\KURSSP\KURSSP\Debug\link.20360-cvtres.write.1.tlog
D:\ПРОГИ\KURSSP\KURSSP\Debug\link.20520.read.1.tlog
D:\ПРОГИ\KURSSP\KURSSP\Debug\link.20520.write.1.tlog
D:\ПРОГИ\KURSSP\KURSSP\Debug\link.20520-cvtres.read.1.tlog
D:\ПРОГИ\KURSSP\KURSSP\Debug\link.20520-cvtres.write.1.tlog
D:\ПРОГИ\KURSSP\KURSSP\Debug\link.20544.read.1.tlog
D:\ПРОГИ\KURSSP\KURSSP\Debug\link.20544.write.1.tlog
D:\ПРОГИ\KURSSP\KURSSP\Debug\link.20544-cvtres.read.1.tlog
D:\ПРОГИ\KURSSP\KURSSP\Debug\link.20544-cvtres.write.1.tlog
D:\ПРОГИ\KURSSP\KURSSP\Debug\link.20616.read.1.tlog
D:\ПРОГИ\KURSSP\KURSSP\Debug\link.20616.write.1.tlog
D:\ПРОГИ\KURSSP\KURSSP\Debug\link.20616-cvtres.read.1.tlog
D:\ПРОГИ\KURSSP\KURSSP\Debug\link.20616-cvtres.write.1.tlog
D:\ПРОГИ\KURSSP\KURSSP\Debug\link.20824.read.1.tlog
D:\ПРОГИ\KURSSP\KURSSP\Debug\link.20824.write.1.tlog
D:\ПРОГИ\KURSSP\KURSSP\Debug\link.20824-cvtres.read.1.tlog
D:\ПРОГИ\KURSSP\KURSSP\Debug\link.20824-cvtres.write.1.tlog
D:\ПРОГИ\KURSSP\KURSSP\Debug\link.21148.read.1.tlog
D:\ПРОГИ\KURSSP\KURSSP\Debug\link.21148.write.1.tlog
D:\ПРОГИ\KURSSP\KURSSP\Debug\link.21148-cvtres.read.1.tlog
D:\ПРОГИ\KURSSP\KURSSP\Debug\link.21148-cvtres.write.1.tlog
D:\ПРОГИ\KURSSP\KURSSP\Debug\link.2280.read.1.tlog
D:\ПРОГИ\KURSSP\KURSSP\Debug\link.2280.write.1.tlog
D:\ПРОГИ\KURSSP\KURSSP\Debug\link.2280-cvtres.read.1.tlog
D:\ПРОГИ\KURSSP\KURSSP\Debug\link.2280-cvtres.write.1.tlog
D:\ПРОГИ\KURSSP\KURSSP\Debug\link.2672.read.1.tlog
D:\ПРОГИ\KURSSP\KURSSP\Debug\link.2672.write.1.tlog
D:\ПРОГИ\KURSSP\KURSSP\Debug\link.2672-cvtres.read.1.tlog
D:\ПРОГИ\KURSSP\KURSSP\Debug\link.2672-cvtres.write.1.tlog
D:\ПРОГИ\KURSSP\KURSSP\Debug\link.2792.read.1.tlog
D:\ПРОГИ\KURSSP\KURSSP\Debug\link.2792.write.1.tlog
D:\ПРОГИ\KURSSP\KURSSP\Debug\link.2792-cvtres.read.1.tlog
D:\ПРОГИ\KURSSP\KURSSP\Debug\link.2792-cvtres.write.1.tlog
D:\ПРОГИ\KURSSP\KURSSP\Debug\link.3176.read.1.tlog
D:\ПРОГИ\KURSSP\KURSSP\Debug\link.3176.write.1.tlog
D:\ПРОГИ\KURSSP\KURSSP\Debug\link.3176-cvtres.read.1.tlog
D:\ПРОГИ\KURSSP\KURSSP\Debug\link.3176-cvtres.write.1.tlog
D:\ПРОГИ\KURSSP\KURSSP\Debug\link.3252.read.1.tlog
D:\ПРОГИ\KURSSP\KURSSP\Debug\link.3252.write.1.tlog
D:\ПРОГИ\KURSSP\KURSSP\Debug\link.3252-cvtres.read.1.tlog
D:\ПРОГИ\KURSSP\KURSSP\Debug\link.3252-cvtres.write.1.tlog
D:\ПРОГИ\KURSSP\KURSSP\Debug\link.5328.read.1.tlog
D:\ПРОГИ\KURSSP\KURSSP\Debug\link.5328.write.1.tlog
D:\ПРОГИ\KURSSP\KURSSP\Debug\link.5328-cvtres.read.1.tlog
D:\ПРОГИ\KURSSP\KURSSP\Debug\link.5328-cvtres.write.1.tlog
D:\ПРОГИ\KURSSP\KURSSP\Debug\link.5732.read.1.tlog
D:\ПРОГИ\KURSSP\KURSSP\Debug\link.5732.write.1.tlog
D:\ПРОГИ\KURSSP\KURSSP\Debug\link.5732-cvtres.read.1.tlog
D:\ПРОГИ\KURSSP\KURSSP\Debug\link.5732-cvtres.write.1.tlog
D:\ПРОГИ\KURSSP\KURSSP\Debug\link.6064.read.1.tlog
D:\ПРОГИ\KURSSP\KURSSP\Debug\link.6064.write.1.tlog
D:\ПРОГИ\KURSSP\KURSSP\Debug\link.6064-cvtres.read.1.tlog
D:\ПРОГИ\KURSSP\KURSSP\Debug\link.6064-cvtres.write.1.tlog
D:\ПРОГИ\KURSSP\KURSSP\Debug\link.6868.read.1.tlog
D:\ПРОГИ\KURSSP\KURSSP\Debug\link.6868.write.1.tlog
D:\ПРОГИ\KURSSP\KURSSP\Debug\link.6868-cvtres.read.1.tlog
D:\ПРОГИ\KURSSP\KURSSP\Debug\link.6868-cvtres.write.1.tlog
D:\ПРОГИ\KURSSP\KURSSP\Debug\link.6976.read.1.tlog
D:\ПРОГИ\KURSSP\KURSSP\Debug\link.6976.write.1.tlog
D:\ПРОГИ\KURSSP\KURSSP\Debug\link.6976-cvtres.read.1.tlog
D:\ПРОГИ\KURSSP\KURSSP\Debug\link.6976-cvtres.write.1.tlog
D:\ПРОГИ\KURSSP\KURSSP\Debug\link.7392.read.1.tlog
D:\ПРОГИ\KURSSP\KURSSP\Debug\link.7392.write.1.tlog
D:\ПРОГИ\KURSSP\KURSSP\Debug\link.7392-cvtres.read.1.tlog
D:\ПРОГИ\KURSSP\KURSSP\Debug\link.7392-cvtres.write.1.tlog
D:\ПРОГИ\KURSSP\KURSSP\Debug\link.7764.read.1.tlog
D:\ПРОГИ\KURSSP\KURSSP\Debug\link.7764.write.1.tlog
D:\ПРОГИ\KURSSP\KURSSP\Debug\link.7764-cvtres.read.1.tlog
D:\ПРОГИ\KURSSP\KURSSP\Debug\link.7764-cvtres.write.1.tlog
D:\ПРОГИ\KURSSP\KURSSP\Debug\link.7888.read.1.tlog
D:\ПРОГИ\KURSSP\KURSSP\Debug\link.7888.write.1.tlog
D:\ПРОГИ\KURSSP\KURSSP\Debug\link.7888-cvtres.read.1.tlog
D:\ПРОГИ\KURSSP\KURSSP\Debug\link.7888-cvtres.write.1.tlog
D:\ПРОГИ\KURSSP\KURSSP\Debug\link.9944.read.1.tlog
D:\ПРОГИ\KURSSP\KURSSP\Debug\link.9944.write.1.tlog
D:\ПРОГИ\KURSSP\KURSSP\Debug\link.9944-cvtres.read.1.tlog
D:\ПРОГИ\KURSSP\KURSSP\Debug\link.9944-cvtres.write.1.tlog
D:\ПРОГИ\KURSSP\KURSSP\Debug\link.command.1.tlog
D:\ПРОГИ\KURSSP\KURSSP\Debug\link.read.1.tlog
D:\ПРОГИ\KURSSP\KURSSP\Debug\link.write.1.tlog
D:\ПРОГИ\KURSSP\KURSSP\Debug\metagen.read.1.tlog
D:\ПРОГИ\KURSSP\KURSSP\Debug\metagen.write.1.tlog
D:\ПРОГИ\KURSSP\KURSSP\Debug\mt.command.1.tlog
D:\ПРОГИ\KURSSP\KURSSP\Debug\mt.read.1.tlog
D:\ПРОГИ\KURSSP\KURSSP\Debug\mt.write.1.tlog
D:\ПРОГИ\KURSSP\KURSSP\Debug\rc.command.1.tlog
D:\ПРОГИ\KURSSP\KURSSP\Debug\rc.read.1.tlog
D:\ПРОГИ\KURSSP\KURSSP\Debug\rc.write.1.tlog
D:\ПРОГИ\KURSSP\KURSSP\DEBUG\STDAFX.OBJ
D:\ПРОГИ\KURSSP\KURSSP\Debug\TZRES.DLL.bi
D:\ПРОГИ\KURSSP\KURSSP\DEBUG\VC100.PDB
